https://www.insarag.org/45-en/global-structures/global-news/849-insarag-guidelines-2020
https://www.insarag.org/methodology/guidelines
https://www.insarag.org/en/global-structures/global-meeting/glob2015.html
https://www.insarag.org/en/global-structures/team-leaders.html
https://www.insarag.org/images/stories/Americas_good_practices/INSARAG.Americas.gu&iacute;a_puntos_focales.2017_ENG.pdf
https://www.insarag.org/images/stories/Americas_good_practices/INSARAG.Americas.gu&iacute;a_puntos_focales.2017_SPA.pdf
https://www.insarag.org/images/stories/Americas_good_practices/Sistema_acreditaci&oacute;n_USAR_guidance_ENG_2014.09.29.pdf
https://www.insarag.org/images/stories/Americas_good_practices/Sistema_acreditaci&oacute;n_USAR_guidance_SPA_2014.09.29.pdf
https://www.insarag.org/images/Americas_bolletins/Bolet&iacute;n_INSARAG_EN_01-2018.pdf
https://www.insarag.org/images/Capacity_building/Formato_1.1_Plan_Estrat&eacute;tico_Institucional_acreditaci&oacute;n_INSARAG_15-06-16_ENG.docx
https://www.insarag.org/images/Capacity_building/Formato_3.1_Plan_Operativo_Anual_acreditaci&oacute;n_INSARAG_15-06-16_ENG.docx
https://www.insarag.org/images/Capacity_building/Formato_13.1_AUTORIZACI&Oacute;N_DE_DESPLAZAMIENTO_INSARAG_15-06-16_ENG.docx
https://www.insarag.org/templates/insarag/css/template.css
https://www.insarag.org/images/Americas_bolletins/Bolet&iacute;n_INSARAG_SPA_02-2018.pdf
https://www.insarag.org/images/Americas_bolletins/Bolet&iacute;n_INSARAG_SPA_01-2018.pdf
https://www.insarag.org/images/stories/Documents/Methodology/Guidance_Notes/MWG/Spanish_version_docs/Prestaci&oacute;n_de_atenci&oacute;n_m&eacute;dica_en_un_entorno_austero_espec&iacute;ficamente_en_un_espacio_confinado.pdf
https://www.insarag.org/images/stories/Documents/Methodology/Guidance_Notes/MWG/Spanish_version_docs/La_donaci&oacute;n_de_suministros_m&eacute;dicos_y_equipos_antes_de_la_desmovilizaci&oacute;n.pdf
https://www.insarag.org/images/stories/Documents/Methodology/Guidance_Notes/MWG/Spanish_version_docs/El_tratamiento_m&eacute;dico_del_paciente_atrapado_con_s&iacute;ndrome_de_aplastamiento.pdf
https://www.insarag.org/images/INSARAGCoord_Desktop.pdf
https://www.insarag.org/images/Documents_and_forms/OSOCC-LEMA_briefing_EX.pdf
https://www.insarag.org/images/Documents_and_forms/OSOCC-LEMA_briefing_EX.xlsx
https://www.insarag.org/images/Capacity_building/IESRP_PAREI_Lista_de_criterios_y_etapas_del_proceso_nacional_de_acreditaci&oacute;n_USAR_SPA_.pdf
https://www.insarag.org/images/Capacity_building/IESRP_PAREI_Anexo_C_Gu&iacute;as_INSARAG_Vol_IIManual_A_actualizado_SPA.pdf
https://www.insarag.org/images/Capacity_building/IESRP_PAREI_Lista_de_documentaci&oacute;n_de_respaldo_para_estandares_SPA.pdf
https://www.insarag.org/images/Capacity_building/Formato_1.1_Plan_Estrat&eacute;tico_Institucional_acreditaci&oacute;n_INSARAG_15-06-16.docx
https://www.insarag.org/images/Capacity_building/Formato_3.1_Plan_Operativo_Anual_acreditaci&oacute;n_INSARAG_15-06-16.docx
https://www.insarag.org/images/Capacity_building/Formato_13.1_AUTORIZACI&Oacute;N_DE_DESPLAZAMIENTO_INSARAG_15-06-16.docx
https://www.insarag.org/images/stories/blank_sar_team_information_Updated_June2009.doc
https://www.insarag.org/en/methodology/guidelines.html
https://www.insarag.org/en/iec/process-a-guidelines.html
https://www.insarag.org/ru/global-structures/working-groups/twg-working-group/112-twg-2015.html
https://www.insarag.org/en/global-structures/team-leaders.html
https://www.insarag.org/en/global-structures/news-archive-global/316-armenia-became-a-member-of-the-un-insarag.html
https://www.insarag.org/en/global-structures/news-archive-global/309-nepal-earthquake-insarag-mini-survey.html
https://www.insarag.org/images/stories/Americas/Americas_meetings/2016_Resumen_de_la_reuni&oacute;n_INSARAG_Americas_final_ENG.pdf
https://www.insarag.org/images/stories/Americas/Americas_meetings/INSARAG_Americas_Col2016_01_exp_Ecuador_Secretar&iacute;a.pdf
https://www.insarag.org/images/stories/Americas/Americas_meetings/INSARAG_Americas_Col2016_02_Presentaci&oacute;n_Mesa_Directiva.pdf
https://www.insarag.org/images/stories/Americas/Americas_meetings/INSARAG_Americas_Col2016_03_SIMEX_2016_Secretar&iacute;a_evaluacion.pdf
https://www.insarag.org/images/Americas_meeting/Mexico_2018/2018_Resumen_de_la_reuni&oacute;n_INSARAG_Am&eacute;ricas_final.pdf
https://www.insarag.org/images/Americas_meeting/2017_Resumen_de_la_reuni&oacute;n_INSARAG_Am&eacute;ricas_Final.pdf
https://www.insarag.org/images/stories/Americas/Americas_meetings/2016_Resumen_de_la_reuni&oacute;n_INSARAG_Americas_final_SPA.pdf
https://www.insarag.org/icons/ariane.gif
https://www.insarag.org/images/stories/Americas/2016.02.22_Plan_de_Trabajo_INSARAG_2016_ENG.pdf
https://www.insarag.org/images/stories/Americas/2016.02.22_Plan_de_Trabajo_INSARAG_2016_SPA.pdf
